<?xml version="1.0" encoding="UTF-8"?>
<!-- Generated by org.testng.reporters.JUnitXMLReporter -->
<testsuite hostname="DESKTOP-SCP6E2R" ignored="0" name="Surefire test" tests="17" failures="3" timestamp="2022-06-13T16:20:43 EET" time="171.195" errors="0">
  <testcase name="runScenario" time="12.023" classname="io.cucumber.testng.AbstractTestNGCucumberTests"/>
  <testcase name="runScenario" time="9.73" classname="io.cucumber.testng.AbstractTestNGCucumberTests"/>
  <testcase name="runScenario" time="9.143" classname="io.cucumber.testng.AbstractTestNGCucumberTests"/>
  <testcase name="runScenario" time="7.832" classname="io.cucumber.testng.AbstractTestNGCucumberTests"/>
  <testcase name="runScenario" time="7.535" classname="io.cucumber.testng.AbstractTestNGCucumberTests"/>
  <testcase name="runScenario" time="7.708" classname="io.cucumber.testng.AbstractTestNGCucumberTests"/>
  <testcase name="runScenario" time="7.598" classname="io.cucumber.testng.AbstractTestNGCucumberTests"/>
  <testcase name="runScenario" time="8.819" classname="io.cucumber.testng.AbstractTestNGCucumberTests"/>
  <testcase name="runScenario" time="9.028" classname="io.cucumber.testng.AbstractTestNGCucumberTests">
    <failure type="java.lang.AssertionError" message="URL after click on First Slide expected [https://demo.nopcommerce.com/nokia-lumia-1020] but found [https://demo.nopcommerce.com/]">
      <![CDATA[java.lang.AssertionError: URL after click on First Slide expected [https://demo.nopcommerce.com/nokia-lumia-1020] but found [https://demo.nopcommerce.com/]
at org.example.StepDefinition.D06_HomeSliders.first_slide_displayed(D06_HomeSliders.java:22)
at ✽.relative product for first slider is displayed(file:///C:/Users/Family/IdeaProjects/E-Commerce-Ahmed-Youssef/src/main/resources/features/F06_HomeSliders.feature:6)
... Removed 5 stack frames]]>
    </failure>
  </testcase> <!-- runScenario -->
  <testcase name="runScenario" time="9.927" classname="io.cucumber.testng.AbstractTestNGCucumberTests">
    <failure type="java.lang.AssertionError" message="URL after click on Second Slide expected [https://demo.nopcommerce.com/iphone-6] but found [https://demo.nopcommerce.com/]">
      <![CDATA[java.lang.AssertionError: URL after click on Second Slide expected [https://demo.nopcommerce.com/iphone-6] but found [https://demo.nopcommerce.com/]
at org.example.StepDefinition.D06_HomeSliders.second_slide_displayed(D06_HomeSliders.java:36)
at ✽.relative product for second slider is displayed(file:///C:/Users/Family/IdeaProjects/E-Commerce-Ahmed-Youssef/src/main/resources/features/F06_HomeSliders.feature:11)
... Removed 5 stack frames]]>
    </failure>
  </testcase> <!-- runScenario -->
  <testcase name="runScenario" time="12.027" classname="io.cucumber.testng.AbstractTestNGCucumberTests"/>
  <testcase name="runScenario" time="11.923" classname="io.cucumber.testng.AbstractTestNGCucumberTests"/>
  <testcase name="runScenario" time="12.382" classname="io.cucumber.testng.AbstractTestNGCucumberTests">
    <failure type="java.lang.IndexOutOfBoundsException" message="Index: 1, Size: 1">
      <![CDATA[java.lang.IndexOutOfBoundsException: Index: 1, Size: 1
at java.util.ArrayList.rangeCheck(ArrayList.java:659)
at java.util.ArrayList.get(ArrayList.java:435)
at org.example.StepDefinition.D07_FollowUsStepDef.opens_new_tab(D07_FollowUsStepDef.java:23)
at ✽."https://demo.nopcommerce.com/new-online-store-is-open" is opened in new tab(file:///C:/Users/Family/IdeaProjects/E-Commerce-Ahmed-Youssef/src/main/resources/features/F07_FollowUs.feature:22)
]]>
    </failure>
  </testcase> <!-- runScenario -->
  <testcase name="runScenario" time="12.58" classname="io.cucumber.testng.AbstractTestNGCucumberTests"/>
  <testcase name="runScenario" time="10.157" classname="io.cucumber.testng.AbstractTestNGCucumberTests"/>
  <testcase name="runScenario" time="10.205" classname="io.cucumber.testng.AbstractTestNGCucumberTests"/>
  <testcase name="runScenario" time="11.857" classname="io.cucumber.testng.AbstractTestNGCucumberTests"/>
</testsuite> <!-- Surefire test -->
